# JRE version: 7.0_25-b15
# Java VM: Java HotSpot(TM) 64-Bit Server VM (23.25-b01 mixed mode bsd-amd64 compressed oops)
Heap
 def new generation   total 2816K, used 2567K [0x00000007f1c00000, 0x00000007f1f00000, 0x00000007f4ca0000)
  eden space 2560K,  99% used [0x00000007f1c00000, 0x00000007f1e7f310, 0x00000007f1e80000)
  from space 256K,   4% used [0x00000007f1ec0000, 0x00000007f1ec2c18, 0x00000007f1f00000)
  to   space 256K,   0% used [0x00000007f1e80000, 0x00000007f1e80000, 0x00000007f1ec0000)
 tenured generation   total 6208K, used 5324K [0x00000007f4ca0000, 0x00000007f52b0000, 0x00000007fae00000)
   the space 6208K,  85% used [0x00000007f4ca0000, 0x00000007f51d3340, 0x00000007f51d3400, 0x00000007f52b0000)
 compacting perm gen  total 21248K, used 13816K [0x00000007fae00000, 0x00000007fc2c0000, 0x0000000800000000)
   the space 21248K,  65% used [0x00000007fae00000, 0x00000007fbb7e098, 0x00000007fbb7e200, 0x00000007fc2c0000)
GC Heap History (10 events):
Event: 1.821 GC heap before
{Heap before GC invocations=84 (full 0):
 def new generation   total 2816K, used 2574K [0x00000007f1c00000, 0x00000007f1f00000, 0x00000007f4ca0000)
  eden space 2560K, 100% used [0x00000007f1c00000, 0x00000007f1e80000, 0x00000007f1e80000)
  from space 256K,   5% used [0x00000007f1e80000, 0x00000007f1e83af8, 0x00000007f1ec0000)
  to   space 256K,   0% used [0x00000007f1ec0000, 0x00000007f1ec0000, 0x00000007f1f00000)
 tenured generation   total 6208K, used 5323K [0x00000007f4ca0000, 0x00000007f52b0000, 0x00000007fae00000)
   the space 6208K,  85% used [0x00000007f4ca0000, 0x00000007f51d2ca0, 0x00000007f51d2e00, 0x00000007f52b0000)
 compacting perm gen  total 21248K, used 13811K [0x00000007fae00000, 0x00000007fc2c0000, 0x0000000800000000)
   the space 21248K,  65% used [0x00000007fae00000, 0x00000007fbb7cf20, 0x00000007fbb7d000, 0x00000007fc2c0000)
No shared spaces configured.
Event: 1.822 GC heap after
Heap after GC invocations=85 (full 0):
 def new generation   total 2816K, used 22K [0x00000007f1c00000, 0x00000007f1f00000, 0x00000007f4ca0000)
  eden space 2560K,   0% used [0x00000007f1c00000, 0x00000007f1c00000, 0x00000007f1e80000)
  from space 256K,   8% used [0x00000007f1ec0000, 0x00000007f1ec59c0, 0x00000007f1f00000)
  to   space 256K,   0% used [0x00000007f1e80000, 0x00000007f1e80000, 0x00000007f1ec0000)
 tenured generation   total 6208K, used 5323K [0x00000007f4ca0000, 0x00000007f52b0000, 0x00000007fae00000)
   the space 6208K,  85% used [0x00000007f4ca0000, 0x00000007f51d2de0, 0x00000007f51d2e00, 0x00000007f52b0000)
 compacting perm gen  total 21248K, used 13811K [0x00000007fae00000, 0x00000007fc2c0000, 0x0000000800000000)
   the space 21248K,  65% used [0x00000007fae00000, 0x00000007fbb7cf20, 0x00000007fbb7d000, 0x00000007fc2c0000)
No shared spaces configured.
}
Event: 1.827 GC heap before
{Heap before GC invocations=85 (full 0):
 def new generation   total 2816K, used 2582K [0x00000007f1c00000, 0x00000007f1f00000, 0x00000007f4ca0000)
  eden space 2560K, 100% used [0x00000007f1c00000, 0x00000007f1e80000, 0x00000007f1e80000)
  from space 256K,   8% used [0x00000007f1ec0000, 0x00000007f1ec59c0, 0x00000007f1f00000)
  to   space 256K,   0% used [0x00000007f1e80000, 0x00000007f1e80000, 0x00000007f1ec0000)
 tenured generation   total 6208K, used 5323K [0x00000007f4ca0000, 0x00000007f52b0000, 0x00000007fae00000)
   the space 6208K,  85% used [0x00000007f4ca0000, 0x00000007f51d2de0, 0x00000007f51d2e00, 0x00000007f52b0000)
 compacting perm gen  total 21248K, used 13811K [0x00000007fae00000, 0x00000007fc2c0000, 0x0000000800000000)
   the space 21248K,  65% used [0x00000007fae00000, 0x00000007fbb7cf20, 0x00000007fbb7d000, 0x00000007fc2c0000)
No shared spaces configured.
Event: 1.828 GC heap after
Heap after GC invocations=86 (full 0):
 def new generation   total 2816K, used 11K [0x00000007f1c00000, 0x00000007f1f00000, 0x00000007f4ca0000)
  eden space 2560K,   0% used [0x00000007f1c00000, 0x00000007f1c00000, 0x00000007f1e80000)
  from space 256K,   4% used [0x00000007f1e80000, 0x00000007f1e82e58, 0x00000007f1ec0000)
  to   space 256K,   0% used [0x00000007f1ec0000, 0x00000007f1ec0000, 0x00000007f1f00000)
 tenured generation   total 6208K, used 5323K [0x00000007f4ca0000, 0x00000007f52b0000, 0x00000007fae00000)
   the space 6208K,  85% used [0x00000007f4ca0000, 0x00000007f51d2e10, 0x00000007f51d3000, 0x00000007f52b0000)
 compacting perm gen  total 21248K, used 13811K [0x00000007fae00000, 0x00000007fc2c0000, 0x0000000800000000)
   the space 21248K,  65% used [0x00000007fae00000, 0x00000007fbb7cf20, 0x00000007fbb7d000, 0x00000007fc2c0000)
No shared spaces configured.
}
Event: 1.833 GC heap before
{Heap before GC invocations=86 (full 0):
 def new generation   total 2816K, used 2571K [0x00000007f1c00000, 0x00000007f1f00000, 0x00000007f4ca0000)
  eden space 2560K, 100% used [0x00000007f1c00000, 0x00000007f1e80000, 0x00000007f1e80000)
  from space 256K,   4% used [0x00000007f1e80000, 0x00000007f1e82e58, 0x00000007f1ec0000)
  to   space 256K,   0% used [0x00000007f1ec0000, 0x00000007f1ec0000, 0x00000007f1f00000)
 tenured generation   total 6208K, used 5323K [0x00000007f4ca0000, 0x00000007f52b0000, 0x00000007fae00000)
   the space 6208K,  85% used [0x00000007f4ca0000, 0x00000007f51d2e10, 0x00000007f51d3000, 0x00000007f52b0000)
 compacting perm gen  total 21248K, used 13811K [0x00000007fae00000, 0x00000007fc2c0000, 0x0000000800000000)
   the space 21248K,  65% used [0x00000007fae00000, 0x00000007fbb7cf20, 0x00000007fbb7d000, 0x00000007fc2c0000)
No shared spaces configured.
Event: 1.834 GC heap after
Heap after GC invocations=87 (full 0):
 def new generation   total 2816K, used 10K [0x00000007f1c00000, 0x00000007f1f00000, 0x00000007f4ca0000)
  eden space 2560K,   0% used [0x00000007f1c00000, 0x00000007f1c00000, 0x00000007f1e80000)
  from space 256K,   4% used [0x00000007f1ec0000, 0x00000007f1ec29a0, 0x00000007f1f00000)
  to   space 256K,   0% used [0x00000007f1e80000, 0x00000007f1e80000, 0x00000007f1ec0000)
 tenured generation   total 6208K, used 5324K [0x00000007f4ca0000, 0x00000007f52b0000, 0x00000007fae00000)
   the space 6208K,  85% used [0x00000007f4ca0000, 0x00000007f51d32e0, 0x00000007f51d3400, 0x00000007f52b0000)
 compacting perm gen  total 21248K, used 13811K [0x00000007fae00000, 0x00000007fc2c0000, 0x0000000800000000)
   the space 21248K,  65% used [0x00000007fae00000, 0x00000007fbb7cf20, 0x00000007fbb7d000, 0x00000007fc2c0000)
No shared spaces configured.
}
Event: 1.839 GC heap before
{Heap before GC invocations=87 (full 0):
 def new generation   total 2816K, used 2570K [0x00000007f1c00000, 0x00000007f1f00000, 0x00000007f4ca0000)
  eden space 2560K, 100% used [0x00000007f1c00000, 0x00000007f1e80000, 0x00000007f1e80000)
  from space 256K,   4% used [0x00000007f1ec0000, 0x00000007f1ec29a0, 0x00000007f1f00000)
  to   space 256K,   0% used [0x00000007f1e80000, 0x00000007f1e80000, 0x00000007f1ec0000)
 tenured generation   total 6208K, used 5324K [0x00000007f4ca0000, 0x00000007f52b0000, 0x00000007fae00000)
   the space 6208K,  85% used [0x00000007f4ca0000, 0x00000007f51d32e0, 0x00000007f51d3400, 0x00000007f52b0000)
 compacting perm gen  total 21248K, used 13813K [0x00000007fae00000, 0x00000007fc2c0000, 0x0000000800000000)
   the space 21248K,  65% used [0x00000007fae00000, 0x00000007fbb7d7e0, 0x00000007fbb7d800, 0x00000007fc2c0000)
No shared spaces configured.
Event: 1.840 GC heap after
Heap after GC invocations=88 (full 0):
 def new generation   total 2816K, used 12K [0x00000007f1c00000, 0x00000007f1f00000, 0x00000007f4ca0000)
  eden space 2560K,   0% used [0x00000007f1c00000, 0x00000007f1c00000, 0x00000007f1e80000)
  from space 256K,   4% used [0x00000007f1e80000, 0x00000007f1e832f0, 0x00000007f1ec0000)
  to   space 256K,   0% used [0x00000007f1ec0000, 0x00000007f1ec0000, 0x00000007f1f00000)
 tenured generation   total 6208K, used 5324K [0x00000007f4ca0000, 0x00000007f52b0000, 0x00000007fae00000)
   the space 6208K,  85% used [0x00000007f4ca0000, 0x00000007f51d3310, 0x00000007f51d3400, 0x00000007f52b0000)
 compacting perm gen  total 21248K, used 13813K [0x00000007fae00000, 0x00000007fc2c0000, 0x0000000800000000)
   the space 21248K,  65% used [0x00000007fae00000, 0x00000007fbb7d7e0, 0x00000007fbb7d800, 0x00000007fc2c0000)
No shared spaces configured.
}
Event: 1.845 GC heap before
{Heap before GC invocations=88 (full 0):
 def new generation   total 2816K, used 2572K [0x00000007f1c00000, 0x00000007f1f00000, 0x00000007f4ca0000)
  eden space 2560K, 100% used [0x00000007f1c00000, 0x00000007f1e80000, 0x00000007f1e80000)
  from space 256K,   4% used [0x00000007f1e80000, 0x00000007f1e832f0, 0x00000007f1ec0000)
  to   space 256K,   0% used [0x00000007f1ec0000, 0x00000007f1ec0000, 0x00000007f1f00000)
 tenured generation   total 6208K, used 5324K [0x00000007f4ca0000, 0x00000007f52b0000, 0x00000007fae00000)
   the space 6208K,  85% used [0x00000007f4ca0000, 0x00000007f51d3310, 0x00000007f51d3400, 0x00000007f52b0000)
 compacting perm gen  total 21248K, used 13813K [0x00000007fae00000, 0x00000007fc2c0000, 0x0000000800000000)
   the space 21248K,  65% used [0x00000007fae00000, 0x00000007fbb7d7e0, 0x00000007fbb7d800, 0x00000007fc2c0000)
No shared spaces configured.
Event: 1.846 GC heap after
Heap after GC invocations=89 (full 0):
 def new generation   total 2816K, used 11K [0x00000007f1c00000, 0x00000007f1f00000, 0x00000007f4ca0000)
  eden space 2560K,   0% used [0x00000007f1c00000, 0x00000007f1c00000, 0x00000007f1e80000)
  from space 256K,   4% used [0x00000007f1ec0000, 0x00000007f1ec2c18, 0x00000007f1f00000)
  to   space 256K,   0% used [0x00000007f1e80000, 0x00000007f1e80000, 0x00000007f1ec0000)
 tenured generation   total 6208K, used 5324K [0x00000007f4ca0000, 0x00000007f52b0000, 0x00000007fae00000)
   the space 6208K,  85% used [0x00000007f4ca0000, 0x00000007f51d3340, 0x00000007f51d3400, 0x00000007f52b0000)
 compacting perm gen  total 21248K, used 13813K [0x00000007fae00000, 0x00000007fc2c0000, 0x0000000800000000)
   the space 21248K,  65% used [0x00000007fae00000, 0x00000007fbb7d7e0, 0x00000007fbb7d800, 0x00000007fc2c0000)
No shared spaces configured.
}

